============================= test session starts ==============================
platform darwin -- Python 3.14.3, pytest-9.0.2, pluggy-1.6.0 -- /opt/homebrew/opt/python@3.14/bin/python3.14
cachedir: .pytest_cache
hypothesis profile 'default'
rootdir: /Volumes/Work/Projects/Morpheus-knowledge-graph-revival/backend
configfile: pyproject.toml
plugins: anyio-4.12.1, hypothesis-6.151.9, asyncio-1.3.0, cov-7.0.0
asyncio: mode=Mode.STRICT, debug=False, asyncio_default_fixture_loop_scope=None, asyncio_default_test_loop_scope=function
collecting ... collected 7 items

tests/test_l4_graph_api.py::TestGraphDataAPIL4::test_graph_data_empty_project_returns_empty_lists PASSED [ 14%]
tests/test_l4_graph_api.py::TestGraphDataAPIL4::test_graph_data_endpoint_exists PASSED [ 28%]
tests/test_l4_graph_api.py::TestGraphDataAPIL4::test_graph_data_nonexistent_project_returns_empty PASSED [ 42%]
tests/test_l4_graph_api.py::TestGraphDataAPIL4::test_graph_data_returns_nodes_and_edges PASSED [ 57%]
tests/test_l4_graph_api.py::TestGraphDataAPIL4::test_graph_data_with_l4_profiles_returns_edges PASSED [ 71%]
tests/test_l4_graph_api.py::TestGraphDataAPIL4::test_graph_data_with_l4_profiles_returns_nodes PASSED [ 85%]
tests/test_l4_graph_api.py::TestGraphDataAPIL4::test_graph_nodes_have_stable_ids PASSED [100%]

============================== 7 passed in 1.06s ===============================

tests/test_export_import.py::TestExportImport::test_import_creates_new_project
  /Volumes/Work/Projects/Morpheus-knowledge-graph-revival/backend/api/main.py:3191: DeprecationWarning: datetime.datetime.utcnow() is deprecated and scheduled for removal in a future version. Use timezone-aware objects to represent datetimes in UTC: datetime.datetime.now(datetime.UTC).
    project_data["updated_at"] = datetime.utcnow().isoformat()

-- Docs: https://docs.pytest.org/en/stable/how-to/capture-warnings.html
=========================== short test summary info ============================
FAILED tests/test_l4_api.py::TestL4ProfilesAPI::test_get_profile_by_id - Asse...
FAILED tests/test_l4_api.py::TestL4ProfilesAPI::test_list_profiles_empty - As...
FAILED tests/test_l4_api.py::TestL4ProfilesAPI::test_list_profiles_has_required_fields
FAILED tests/test_l4_api.py::TestL4ProfilesAPI::test_list_profiles_nonexistent_project_returns_empty
FAILED tests/test_l4_api.py::TestL4ProfilesAPI::test_list_profiles_returns_profiles
FAILED tests/test_l4_rebuild_api.py::TestManualRebuildAPI::test_rebuild_empty_project_returns_zero_processed
FAILED tests/test_l4_rebuild_api.py::TestManualRebuildAPI::test_rebuild_invalid_range_returns_400
FAILED tests/test_l4_rebuild_api.py::TestManualRebuildAPI::test_rebuild_response_has_stats_fields
FAILED tests/test_l4_rebuild_api.py::TestManualRebuildAPI::test_rebuild_returns_200
FAILED tests/test_l4_rebuild_api.py::TestManualRebuildAPI::test_rebuild_stats_are_integers
FAILED tests/test_l4_rebuild_api.py::TestManualRebuildAPI::test_rebuild_with_chapter_range
FAILED tests/test_l4_rebuild_api.py::TestManualRebuildAPI::test_rebuild_with_character_filter
12 failed, 219 passed, 3 warnings in 24.69s
